<?xml version="1.0" encoding="UTF-8"?>
<!-- Generated by org.testng.reporters.JUnitReportReporter -->
<testsuite hostname="Kenils-MacBook-Pro.local" failures="0" tests="1" name="com.amazon.scripts.Assignment" time="35.169" errors="1" timestamp="2022-05-23T20:39:28 IST" skipped="0">
  <testcase classname="com.amazon.scripts.Assignment" name="completeAssignment" time="35.169">
    <error message="class java.lang.String cannot be cast to class org.openqa.selenium.By (java.lang.String is in module java.base of loader &#039;bootstrap&#039;; org.openqa.selenium.By is in unnamed module of loader &#039;app&#039;)" type="java.lang.ClassCastException">
      <![CDATA[java.lang.ClassCastException: class java.lang.String cannot be cast to class org.openqa.selenium.By (java.lang.String is in module java.base of loader 'bootstrap'; org.openqa.selenium.By is in unnamed module of loader 'app')
at com.amazon.selenium.interactions.Timeout.waitForElementToBePresent(Timeout.java:56)
at com.amazon.selenium.interactions.Timeout.waitForElementToBePresent(Timeout.java:52)
at com.amazon.selenium.interactions.QueryHtml.findElement(QueryHtml.java:32)
at com.amazon.selenium.interactions.QueryHtml.castLocator(QueryHtml.java:137)
at com.amazon.selenium.interactions.Mouse.scroll(Mouse.java:272)
at com.amazon.pages.ItemPage.getAboutThisItemContents(ItemPage.java:25)
at com.amazon.scripts.Assignment.completeAssignment(Assignment.java:41)
at java.base/jdk.internal.reflect.NativeMethodAccessorImpl.invoke0(Native Method)
at java.base/jdk.internal.reflect.NativeMethodAccessorImpl.invoke(NativeMethodAccessorImpl.java:62)
at java.base/jdk.internal.reflect.DelegatingMethodAccessorImpl.invoke(DelegatingMethodAccessorImpl.java:43)
at java.base/java.lang.reflect.Method.invoke(Method.java:566)
at org.testng.internal.invokers.MethodInvocationHelper.invokeMethod(MethodInvocationHelper.java:135)
at org.testng.internal.invokers.TestInvoker.invokeMethod(TestInvoker.java:673)
at org.testng.internal.invokers.TestInvoker.invokeTestMethod(TestInvoker.java:220)
at org.testng.internal.invokers.MethodRunner.runInSequence(MethodRunner.java:50)
at org.testng.internal.invokers.TestInvoker$MethodInvocationAgent.invoke(TestInvoker.java:945)
at org.testng.internal.invokers.TestInvoker.invokeTestMethods(TestInvoker.java:193)
at org.testng.internal.invokers.TestMethodWorker.invokeTestMethods(TestMethodWorker.java:146)
at org.testng.internal.invokers.TestMethodWorker.run(TestMethodWorker.java:128)
at java.base/java.util.concurrent.ThreadPoolExecutor.runWorker(ThreadPoolExecutor.java:1128)
at java.base/java.util.concurrent.ThreadPoolExecutor$Worker.run(ThreadPoolExecutor.java:628)
at java.base/java.lang.Thread.run(Thread.java:829)
]]>
    </error>
  </testcase> <!-- completeAssignment -->
  <system-out/>
</testsuite> <!-- com.amazon.scripts.Assignment -->
